Base path: C:/Program Files/Unity/Editor/Data
Pipe name: \\.\pipe\UnityShaderCompiler-64bit-1-5028
Cmd: getPlatforms
Cmd: preprocess
  insize=2912 outsize=891 ok=1
Cmd: compileSnippet
  api=4 type=0 insize=2322 outsize=1379 kw=_TEX_OFF _COLOR_OFF pd= ok=1
Cmd: compileSnippet
  api=4 type=1 insize=2322 outsize=729 kw=_TEX_OFF _COLOR_OFF pd= ok=1
Cmd: preprocess
  insize=2053 outsize=1298 ok=1
Cmd: compileSnippet
  api=4 type=0 insize=1057 outsize=1054 kw= pd= ok=1
Cmd: compileSnippet
  api=4 type=1 insize=1057 outsize=469 kw= pd= ok=1
Cmd: compileSnippet
  api=4 type=0 insize=541 outsize=3533 kw=SHADOWS_DEPTH pd= ok=1
Cmd: compileSnippet
  api=4 type=1 insize=541 outsize=453 kw=SHADOWS_DEPTH pd= ok=1
Cmd: compileSnippet
  api=4 type=0 insize=2322 outsize=1379 kw=_TEX_OFF _COLOR_ON pd= ok=1
Cmd: compileSnippet
  api=4 type=1 insize=2322 outsize=794 kw=_TEX_OFF _COLOR_ON pd= ok=1
Cmd: compileSnippet
  api=4 type=0 insize=577 outsize=3533 kw=SHADOWS_DEPTH pd= ok=1
Cmd: compileSnippet
  api=4 type=1 insize=577 outsize=453 kw=SHADOWS_DEPTH pd= ok=1
Cmd: compileSnippet
  api=4 type=0 insize=7194 outsize=4849 kw=DIRECTIONAL SHADOWS_OFF LIGHTMAP_OFF DIRLIGHTMAP_OFF DYNAMICLIGHTMAP_OFF pd= ok=1
Cmd: compileSnippet
  api=4 type=1 insize=7194 outsize=1989 kw=DIRECTIONAL SHADOWS_OFF LIGHTMAP_OFF DIRLIGHTMAP_OFF DYNAMICLIGHTMAP_OFF pd= ok=1
Cmd: compileSnippet
  api=4 type=0 insize=6924 outsize=3663 kw=DIRECTIONAL SHADOWS_OFF LIGHTMAP_OFF DIRLIGHTMAP_OFF DYNAMICLIGHTMAP_OFF pd= ok=1
Cmd: compileSnippet
  api=4 type=1 insize=6924 outsize=1314 kw=DIRECTIONAL SHADOWS_OFF LIGHTMAP_OFF DIRLIGHTMAP_OFF DYNAMICLIGHTMAP_OFF pd= ok=1
Cmd: compileSnippet
  api=4 type=0 insize=3695 outsize=2753 kw=DIRECTIONAL pd= ok=1
Cmd: compileSnippet
  api=4 type=1 insize=3695 outsize=1168 kw=DIRECTIONAL pd= ok=1
